<?xml version="1.0" encoding="UTF-8"?>
<robot generator="Robot 7.1.1 (Python 3.10.0 on win32)" generated="2024-11-11T18:52:46.664404" rpa="false" schemaversion="5">
<suite id="s1" name="Tests" source="E:\Code\Courses\webcounter\webcounter\src\tests">
<suite id="s1-s1" name="Increment" source="E:\Code\Courses\webcounter\webcounter\src\tests\increment.robot">
<kw name="Open And Configure Browser" owner="resource" type="SETUP">
<if>
<branch type="IF" condition="$BROWSER == 'chrome'">
<kw name="Evaluate" owner="BuiltIn">
<var>${options}</var>
<arg>sys.modules['selenium.webdriver'].ChromeOptions()</arg>
<arg>sys</arg>
<doc>Evaluates the given expression in Python and returns the result.</doc>
<status status="NOT RUN" start="2024-11-11T18:52:46.883771" elapsed="0.000000"/>
</kw>
<status status="NOT RUN" start="2024-11-11T18:52:46.880772" elapsed="0.002999"/>
</branch>
<branch type="ELSE IF" condition="$BROWSER == 'firefox'">
<kw name="Evaluate" owner="BuiltIn">
<msg time="2024-11-11T18:52:46.883771" level="INFO">${options} = &lt;selenium.webdriver.firefox.options.Options object at 0x00000210425293C0&gt;</msg>
<var>${options}</var>
<arg>sys.modules['selenium.webdriver'].FirefoxOptions()</arg>
<arg>sys</arg>
<doc>Evaluates the given expression in Python and returns the result.</doc>
<status status="PASS" start="2024-11-11T18:52:46.883771" elapsed="0.001001"/>
</kw>
<status status="PASS" start="2024-11-11T18:52:46.883771" elapsed="0.001001"/>
</branch>
<status status="PASS" start="2024-11-11T18:52:46.880772" elapsed="0.004000"/>
</if>
<if>
<branch type="IF" condition="$HEADLESS == 'true'">
<kw name="Set Selenium Speed" owner="SeleniumLibrary">
<arg>0</arg>
<doc>Sets the delay that is waited after each Selenium command.</doc>
<status status="NOT RUN" start="2024-11-11T18:52:46.884772" elapsed="0.000000"/>
</kw>
<kw name="Call Method" owner="BuiltIn">
<arg>${options}</arg>
<arg>add_argument</arg>
<arg>--headless</arg>
<doc>Calls the named method of the given object with the provided arguments.</doc>
<status status="NOT RUN" start="2024-11-11T18:52:46.884772" elapsed="0.000000"/>
</kw>
<status status="NOT RUN" start="2024-11-11T18:52:46.884772" elapsed="0.000000"/>
</branch>
<branch type="ELSE">
<kw name="Set Selenium Speed" owner="SeleniumLibrary">
<arg>${DELAY}</arg>
<doc>Sets the delay that is waited after each Selenium command.</doc>
<status status="PASS" start="2024-11-11T18:52:46.884772" elapsed="0.000000"/>
</kw>
<status status="PASS" start="2024-11-11T18:52:46.884772" elapsed="0.000000"/>
</branch>
<status status="PASS" start="2024-11-11T18:52:46.884772" elapsed="0.000000"/>
</if>
<kw name="Open Browser" owner="SeleniumLibrary">
<msg time="2024-11-11T18:52:46.885773" level="INFO">Opening browser 'firefox' to base url 'None'.</msg>
<arg>browser=${BROWSER}</arg>
<arg>options=${options}</arg>
<doc>Opens a new browser instance to the optional ``url``.</doc>
<status status="PASS" start="2024-11-11T18:52:46.884772" elapsed="5.382423"/>
</kw>
<status status="PASS" start="2024-11-11T18:52:46.880772" elapsed="5.386423"/>
</kw>
<test id="s1-s1-t1" name="At start the counter is zero" line="7">
<kw name="Go To" owner="SeleniumLibrary">
<msg time="2024-11-11T18:52:52.268194" level="INFO">Opening url 'http://localhost:5001'</msg>
<arg>${HOME_URL}</arg>
<doc>Navigates the current browser window to the provided ``url``.</doc>
<status status="PASS" start="2024-11-11T18:52:52.268194" elapsed="0.594879"/>
</kw>
<kw name="Title Should Be" owner="SeleniumLibrary">
<msg time="2024-11-11T18:52:53.377904" level="INFO">Page title is 'Laskuri'.</msg>
<arg>Laskuri</arg>
<doc>Verifies that the current page title equals ``title``.</doc>
<status status="PASS" start="2024-11-11T18:52:52.863073" elapsed="0.514831"/>
</kw>
<kw name="Page Should Contain" owner="SeleniumLibrary">
<msg time="2024-11-11T18:52:54.409086" level="INFO">Current page contains text 'nappia painettu 0 kertaa'.</msg>
<arg>nappia painettu 0 kertaa</arg>
<doc>Verifies that current page contains ``text``.</doc>
<status status="PASS" start="2024-11-11T18:52:53.377904" elapsed="1.031182"/>
</kw>
<status status="PASS" start="2024-11-11T18:52:52.267195" elapsed="2.141891"/>
</test>
<test id="s1-s1-t2" name="When button pressed twice the counter is two" line="12">
<kw name="Go To" owner="SeleniumLibrary">
<msg time="2024-11-11T18:52:54.410087" level="INFO">Opening url 'http://localhost:5001'</msg>
<arg>${HOME_URL}</arg>
<doc>Navigates the current browser window to the provided ``url``.</doc>
<status status="PASS" start="2024-11-11T18:52:54.410087" elapsed="0.533470"/>
</kw>
<kw name="Click Button" owner="SeleniumLibrary">
<msg time="2024-11-11T18:52:54.943557" level="INFO">Clicking button 'Paina'.</msg>
<arg>Paina</arg>
<doc>Clicks the button identified by ``locator``.</doc>
<status status="PASS" start="2024-11-11T18:52:54.943557" elapsed="1.549482"/>
</kw>
<kw name="Click Button" owner="SeleniumLibrary">
<msg time="2024-11-11T18:52:56.493039" level="INFO">Clicking button 'Paina'.</msg>
<arg>Paina</arg>
<doc>Clicks the button identified by ``locator``.</doc>
<status status="PASS" start="2024-11-11T18:52:56.493039" elapsed="1.559721"/>
</kw>
<kw name="Page Should Contain" owner="SeleniumLibrary">
<msg time="2024-11-11T18:52:59.083079" level="INFO">Current page contains text 'nappia painettu 2 kertaa'.</msg>
<arg>nappia painettu 2 kertaa</arg>
<doc>Verifies that current page contains ``text``.</doc>
<status status="PASS" start="2024-11-11T18:52:58.052760" elapsed="1.030319"/>
</kw>
<status status="PASS" start="2024-11-11T18:52:54.409086" elapsed="4.673993"/>
</test>
<test id="s1-s1-t3" name="When counter has a nonzero value and it is reset the value becomes zero" line="18">
<kw name="Go To" owner="SeleniumLibrary">
<msg time="2024-11-11T18:52:59.084891" level="INFO">Opening url 'http://localhost:5001'</msg>
<arg>${HOME_URL}</arg>
<doc>Navigates the current browser window to the provided ``url``.</doc>
<status status="PASS" start="2024-11-11T18:52:59.084080" elapsed="0.528827"/>
</kw>
<kw name="Click Button" owner="SeleniumLibrary">
<msg time="2024-11-11T18:52:59.612907" level="INFO">Clicking button 'Paina'.</msg>
<arg>Paina</arg>
<doc>Clicks the button identified by ``locator``.</doc>
<status status="PASS" start="2024-11-11T18:52:59.612907" elapsed="1.567171"/>
</kw>
<kw name="Click Button" owner="SeleniumLibrary">
<msg time="2024-11-11T18:53:01.180078" level="INFO">Clicking button 'Nollaa'.</msg>
<arg>Nollaa</arg>
<doc>Clicks the button identified by ``locator``.</doc>
<status status="PASS" start="2024-11-11T18:53:01.180078" elapsed="1.543009"/>
</kw>
<kw name="Page Should Contain" owner="SeleniumLibrary">
<msg time="2024-11-11T18:53:03.749321" level="INFO">Current page contains text 'nappia painettu 0 kertaa'.</msg>
<arg>nappia painettu 0 kertaa</arg>
<doc>Verifies that current page contains ``text``.</doc>
<status status="PASS" start="2024-11-11T18:53:02.723087" elapsed="1.026234"/>
</kw>
<status status="PASS" start="2024-11-11T18:52:59.084080" elapsed="4.665241"/>
</test>
<kw name="Close Browser" owner="SeleniumLibrary" type="TEARDOWN">
<doc>Closes the current browser.</doc>
<status status="PASS" start="2024-11-11T18:53:03.750323" elapsed="3.074935"/>
</kw>
<status status="PASS" start="2024-11-11T18:52:46.685773" elapsed="20.139485"/>
</suite>
<status status="PASS" start="2024-11-11T18:52:46.665824" elapsed="20.160433"/>
</suite>
<statistics>
<total>
<stat pass="3" fail="0" skip="0">All Tests</stat>
</total>
<tag>
</tag>
<suite>
<stat pass="3" fail="0" skip="0" id="s1" name="Tests">Tests</stat>
<stat pass="3" fail="0" skip="0" id="s1-s1" name="Increment">Tests.Increment</stat>
</suite>
</statistics>
<errors>
</errors>
</robot>
